<?xml version="1.0" encoding="UTF-8"?>
<!-- Generated by org.testng.reporters.JUnitReportReporter -->
<testsuite hostname="PF2BXSM2" failures="0" tests="1" name="com.Acertus_MetroLoad.automation.testCases.TC_loginMetroload" time="34.707" errors="0" timestamp="2023-06-13T16:52:23 CDT" skipped="0">
  <testcase classname="com.Acertus_MetroLoad.automation.testCases.TC_loginMetroload" name="loginMetroloadValidCredentials" time="34.707"/>
  <system-out/>
</testsuite> <!-- com.Acertus_MetroLoad.automation.testCases.TC_loginMetroload -->
