<?xml version="1.0" encoding="UTF-8"?>
<!-- Generated by org.testng.reporters.JUnitReportReporter -->
<testsuite hostname="PF2BXSM2" failures="0" tests="1" name="com.Acertus_MetroLoad.automation.testCases.TC_searchOrderUs__loadOrder" time="55.546" errors="0" timestamp="2023-06-13T13:11:56 CDT" skipped="0">
  <testcase classname="com.Acertus_MetroLoad.automation.testCases.TC_searchOrderUs__loadOrder" name="searchOrderUs__loadOrder" time="55.546"/>
  <system-out/>
</testsuite> <!-- com.Acertus_MetroLoad.automation.testCases.TC_searchOrderUs__loadOrder -->
